Determining if the pthread_create exist failed with the following output:
Change Dir: /home/pi/Desktop/myrobot/ros_ws/build/CMakeFiles/CMakeTmp

Run Build Command:"/usr/bin/make" "cmTC_336e8/fast"
/usr/bin/make -f CMakeFiles/cmTC_336e8.dir/build.make CMakeFiles/cmTC_336e8.dir/build
make[1]: Entering directory '/home/pi/Desktop/myrobot/ros_ws/build/CMakeFiles/CMakeTmp'
Building C object CMakeFiles/cmTC_336e8.dir/CheckSymbolExists.c.o
/usr/bin/cc    -o CMakeFiles/cmTC_336e8.dir/CheckSymbolExists.c.o   -c /home/pi/Desktop/myrobot/ros_ws/build/CMakeFiles/CMakeTmp/CheckSymbolExists.c
Linking C executable cmTC_336e8
/usr/local/bin/cmake -E cmake_link_script CMakeFiles/cmTC_336e8.dir/link.txt --verbose=1
/usr/bin/cc       CMakeFiles/cmTC_336e8.dir/CheckSymbolExists.c.o  -o cmTC_336e8 -rdynamic 
CMakeFiles/cmTC_336e8.dir/CheckSymbolExists.c.o: In function `main':
CheckSymbolExists.c:(.text+0x38): undefined reference to `pthread_create'
collect2: ld returned 1 exit status
CMakeFiles/cmTC_336e8.dir/build.make:97: recipe for target 'cmTC_336e8' failed
make[1]: Leaving directory '/home/pi/Desktop/myrobot/ros_ws/build/CMakeFiles/CMakeTmp'
make[1]: *** [cmTC_336e8] Error 1
Makefile:126: recipe for target 'cmTC_336e8/fast' failed
make: *** [cmTC_336e8/fast] Error 2

File /home/pi/Desktop/myrobot/ros_ws/build/CMakeFiles/CMakeTmp/CheckSymbolExists.c:
/* */
#include <pthread.h>

int main(int argc, char** argv)
{
  (void)argv;
#ifndef pthread_create
  return ((int*)(&pthread_create))[argc];
#else
  (void)argc;
  return 0;
#endif
}

Determining if the function pthread_create exists in the pthreads failed with the following output:
Change Dir: /home/pi/Desktop/myrobot/ros_ws/build/CMakeFiles/CMakeTmp

Run Build Command:"/usr/bin/make" "cmTC_81aa7/fast"
/usr/bin/make -f CMakeFiles/cmTC_81aa7.dir/build.make CMakeFiles/cmTC_81aa7.dir/build
make[1]: Entering directory '/home/pi/Desktop/myrobot/ros_ws/build/CMakeFiles/CMakeTmp'
Building C object CMakeFiles/cmTC_81aa7.dir/CheckFunctionExists.c.o
/usr/bin/cc   -DCHECK_FUNCTION_EXISTS=pthread_create   -o CMakeFiles/cmTC_81aa7.dir/CheckFunctionExists.c.o   -c /usr/local/share/cmake-3.3/Modules/CheckFunctionExists.c
Linking C executable cmTC_81aa7
/usr/local/bin/cmake -E cmake_link_script CMakeFiles/cmTC_81aa7.dir/link.txt --verbose=1
/usr/bin/cc   -DCHECK_FUNCTION_EXISTS=pthread_create    CMakeFiles/cmTC_81aa7.dir/CheckFunctionExists.c.o  -o cmTC_81aa7 -rdynamic -lpthreads 
/usr/bin/ld: cannot find -lpthreads
collect2: ld returned 1 exit status
CMakeFiles/cmTC_81aa7.dir/build.make:97: recipe for target 'cmTC_81aa7' failed
make[1]: Leaving directory '/home/pi/Desktop/myrobot/ros_ws/build/CMakeFiles/CMakeTmp'
make[1]: *** [cmTC_81aa7] Error 1
Makefile:126: recipe for target 'cmTC_81aa7/fast' failed
make: *** [cmTC_81aa7/fast] Error 2


